E:\Program Files (x86)\Microsoft Visual Studio\2017\Community\Common7\IDE\VC\VCTargets\Microsoft.CppBuild.targets(944,5): warning MSB8027: Two or more files with the name of Camera.cpp will produce outputs to the same location. This can lead to an incorrect build result.  The files involved are Core\Camera.cpp, Source\Camera.cpp.
E:\Program Files (x86)\Microsoft Visual Studio\2017\Community\Common7\IDE\VC\VCTargets\Microsoft.CppBuild.targets(944,5): warning MSB8027: Two or more files with the name of Camera3.cpp will produce outputs to the same location. This can lead to an incorrect build result.  The files involved are Core\Camera3.cpp, Source\Camera3.cpp.
  MyScene.cpp
e:\users\irwen yap\documents\github\studioproject03\base\source\myscene.cpp(14): warning C4244: 'argument': conversion from 'time_t' to 'unsigned int', possible loss of data
e:\users\irwen yap\documents\github\studioproject03\base\source\myscene.cpp(274): warning C4244: '+=': conversion from 'double' to 'float', possible loss of data
e:\users\irwen yap\documents\github\studioproject03\base\source\myscene.cpp(390): warning C4244: '+=': conversion from 'double' to 'float', possible loss of data
e:\users\irwen yap\documents\github\studioproject03\base\source\myscene.cpp(399): warning C4244: 'argument': conversion from 'int' to 'float', possible loss of data
e:\users\irwen yap\documents\github\studioproject03\base\source\myscene.cpp(404): warning C4244: '+=': conversion from 'double' to 'float', possible loss of data
e:\users\irwen yap\documents\github\studioproject03\base\source\myscene.cpp(413): warning C4244: 'argument': conversion from 'int' to 'float', possible loss of data
e:\users\irwen yap\documents\github\studioproject03\base\source\myscene.cpp(418): warning C4244: '+=': conversion from 'double' to 'float', possible loss of data
e:\users\irwen yap\documents\github\studioproject03\base\source\myscene.cpp(421): warning C4244: 'initializing': conversion from 'int' to 'float', possible loss of data
e:\users\irwen yap\documents\github\studioproject03\base\source\myscene.cpp(427): warning C4244: 'argument': conversion from 'int' to 'float', possible loss of data
e:\users\irwen yap\documents\github\studioproject03\base\source\myscene.cpp(445): warning C4244: '+=': conversion from 'double' to 'float', possible loss of data
e:\users\irwen yap\documents\github\studioproject03\base\source\myscene.cpp(446): warning C4244: '-=': conversion from 'double' to 'float', possible loss of data
e:\users\irwen yap\documents\github\studioproject03\base\source\myscene.cpp(462): warning C4244: 'argument': conversion from 'int' to 'float', possible loss of data
e:\users\irwen yap\documents\github\studioproject03\base\source\myscene.cpp(469): warning C4244: '-=': conversion from 'double' to 'float', possible loss of data
e:\users\irwen yap\documents\github\studioproject03\base\source\myscene.cpp(481): warning C4244: 'argument': conversion from 'double' to 'float', possible loss of data
e:\users\irwen yap\documents\github\studioproject03\base\source\myscene.cpp(482): warning C4244: 'argument': conversion from 'double' to 'float', possible loss of data
e:\users\irwen yap\documents\github\studioproject03\base\source\myscene.cpp(494): warning C4244: '-=': conversion from 'double' to 'float', possible loss of data
e:\users\irwen yap\documents\github\studioproject03\base\source\myscene.cpp(495): warning C4244: '+=': conversion from 'double' to 'float', possible loss of data
e:\users\irwen yap\documents\github\studioproject03\base\source\myscene.cpp(496): warning C4244: '+=': conversion from 'double' to 'float', possible loss of data
e:\users\irwen yap\documents\github\studioproject03\base\source\myscene.cpp(497): warning C4244: '+=': conversion from 'double' to 'float', possible loss of data
e:\users\irwen yap\documents\github\studioproject03\base\source\myscene.cpp(270): warning C4715: 'MyScene::FetchPA': not all control paths return a value
BaseCamera.obj : warning LNK4075: ignoring '/EDITANDCONTINUE' due to '/INCREMENTAL:NO' specification
Debug\Camera.obj : warning LNK4042: object specified more than once; extras ignored
Debug\Camera3.obj : warning LNK4042: object specified more than once; extras ignored
LINK : warning LNK4098: defaultlib 'MSVCRT' conflicts with use of other libs; use /NODEFAULTLIB:library
  Base.vcxproj -> E:\Users\Irwen Yap\Documents\GitHub\StudioProject03\Debug\Base.exe
